<?xml version="1.0" encoding="UTF-8"?>
<!-- Generated by org.testng.reporters.JUnitXMLReporter -->
<testsuite ignored="0" hostname="CESIT-LAP-0420" failures="2" tests="7" name="MyTest" time="44.57" errors="0" timestamp="2023-12-28T13:51:16 IST">
  <testcase classname="testCases.sample" name="sample2" time="1.152">
    <skipped/>
  </testcase> <!-- sample2 -->
  <testcase classname="testCases.sample" name="sample1" time="1.151">
    <skipped/>
  </testcase> <!-- sample1 -->
  <testcase classname="testCases.sample" name="sample2" time="17.859">
    <failure type="java.lang.AssertionError" message="expected [true] but found [false]">
      <![CDATA[java.lang.AssertionError: expected [true] but found [false]
at testCases.sample.sample2(sample.java:37)
at java.base/java.util.concurrent.FutureTask.run(FutureTask.java:264)
at java.base/java.util.concurrent.Executors$RunnableAdapter.call(Executors.java:539)
at java.base/java.util.concurrent.FutureTask.run(FutureTask.java:264)
at java.base/java.util.concurrent.ThreadPoolExecutor.runWorker(ThreadPoolExecutor.java:1136)
at java.base/java.util.concurrent.ThreadPoolExecutor$Worker.run(ThreadPoolExecutor.java:635)
at java.base/java.lang.Thread.run(Thread.java:833)
... Removed 13 stack frames]]>
    </failure>
  </testcase> <!-- sample2 -->
  <testcase classname="testCases.sample" name="sample2" time="19.675">
    <failure type="java.lang.AssertionError" message="expected [true] but found [false]">
      <![CDATA[java.lang.AssertionError: expected [true] but found [false]
at testCases.sample.sample2(sample.java:37)
at java.base/java.util.concurrent.FutureTask.run(FutureTask.java:264)
at java.base/java.util.concurrent.Executors$RunnableAdapter.call(Executors.java:539)
at java.base/java.util.concurrent.FutureTask.run(FutureTask.java:264)
at java.base/java.util.concurrent.ThreadPoolExecutor.runWorker(ThreadPoolExecutor.java:1136)
at java.base/java.util.concurrent.ThreadPoolExecutor$Worker.run(ThreadPoolExecutor.java:635)
at java.base/java.lang.Thread.run(Thread.java:833)
... Removed 13 stack frames]]>
    </failure>
  </testcase> <!-- sample2 -->
  <testcase classname="testCases.sample" name="sample1" time="30.993"/>
  <testcase classname="testCases.sample" name="sample1" time="33.048"/>
  <testcase classname="testCases.sample" name="sample3" time="20.849"/>
</testsuite> <!-- MyTest -->
